<?xml version="1.0" encoding="UTF-8"?>
<!-- Generated by org.testng.reporters.JUnitReportReporter -->
<testsuite hostname="SeenaReddy" failures="0" tests="1" name="testscenarios.Case2" time="21.905" errors="0" timestamp="2023-03-07T19:29:05 CST" skipped="0">
  <testcase classname="testscenarios.Case2" name="f" time="21.905"/>
  <system-out/>
</testsuite> <!-- testscenarios.Case2 -->
