<?xml version="1.0" encoding="UTF-8"?>
<!-- Generated by org.testng.reporters.JUnitReportReporter -->
<testsuite hostname="SeenaReddy" failures="0" tests="1" name="normalScripts.Case2" time="15.432" errors="0" timestamp="2022-12-15T19:34:25 CST" skipped="0">
  <testcase classname="normalScripts.Case2" name="f" time="15.432"/>
  <system-out/>
</testsuite> <!-- normalScripts.Case2 -->
