<?xml version="1.0" encoding="UTF-8"?>
<!-- Generated by org.testng.reporters.JUnitReportReporter -->
<testsuite hostname="SeenaReddy" failures="0" tests="1" name="normalScripts.Case1" time="17.019" errors="0" timestamp="2022-12-15T19:16:40 CST" skipped="0">
  <testcase classname="normalScripts.Case1" name="f" time="17.019"/>
  <system-out/>
</testsuite> <!-- normalScripts.Case1 -->
