<?xml version="1.0" encoding="UTF-8"?>
<!-- Generated by org.testng.reporters.JUnitReportReporter -->
<testsuite hostname="SeenaReddy" failures="0" tests="1" name="testscenarios.BlazeDemo" time="11.675" errors="0" timestamp="2022-12-16T18:59:00 CST" skipped="0">
  <testcase classname="testscenarios.BlazeDemo" name="t" time="11.675"/>
  <system-out/>
</testsuite> <!-- testscenarios.BlazeDemo -->
