<?xml version="1.0" encoding="UTF-8"?>
<!-- Generated by org.testng.reporters.JUnitReportReporter -->
<testsuite hostname="SeenaReddy" failures="0" tests="1" name="testscenarios.Case1" time="13.619" errors="0" timestamp="2023-03-07T19:12:11 CST" skipped="0">
  <testcase classname="testscenarios.Case1" name="f" time="13.619"/>
  <system-out/>
</testsuite> <!-- testscenarios.Case1 -->
